{"G:\\AI-Code-test\\ComfyNexus\\frontend\\src\\stores\\useAPIConfigStore.ts": {"path":"G:\\AI-Code-test\\ComfyNexus\\frontend\\src\\stores\\useAPIConfigStore.ts","statementMap":{"0":{"start":{"line":88,"column":22},"end":{"line":90,"column":null}},"1":{"start":{"line":89,"column":2},"end":{"line":89,"column":null}},"2":{"start":{"line":95,"column":23},"end":{"line":130,"column":null}},"3":{"start":{"line":96,"column":2},"end":{"line":129,"column":null}},"4":{"start":{"line":135,"column":13},"end":{"line":782,"column":null}},"5":{"start":{"line":135,"column":71},"end":{"line":782,"column":2}},"6":{"start":{"line":150,"column":4},"end":{"line":222,"column":null}},"7":{"start":{"line":151,"column":6},"end":{"line":151,"column":null}},"8":{"start":{"line":152,"column":6},"end":{"line":152,"column":null}},"9":{"start":{"line":155,"column":6},"end":{"line":172,"column":null}},"10":{"start":{"line":156,"column":8},"end":{"line":156,"column":null}},"11":{"start":{"line":159,"column":8},"end":{"line":159,"column":null}},"12":{"start":{"line":159,"column":37},"end":{"line":159,"column":61}},"13":{"start":{"line":161,"column":28},"end":{"line":161,"column":null}},"14":{"start":{"line":162,"column":30},"end":{"line":162,"column":null}},"15":{"start":{"line":162,"column":52},"end":{"line":162,"column":63}},"16":{"start":{"line":164,"column":8},"end":{"line":168,"column":null}},"17":{"start":{"line":170,"column":8},"end":{"line":170,"column":null}},"18":{"start":{"line":171,"column":8},"end":{"line":171,"column":null}},"19":{"start":{"line":175,"column":6},"end":{"line":175,"column":null}},"20":{"start":{"line":176,"column":23},"end":{"line":176,"column":null}},"21":{"start":{"line":178,"column":6},"end":{"line":185,"column":null}},"22":{"start":{"line":179,"column":8},"end":{"line":179,"column":null}},"23":{"start":{"line":180,"column":8},"end":{"line":183,"column":null}},"24":{"start":{"line":184,"column":8},"end":{"line":184,"column":null}},"25":{"start":{"line":188,"column":35},"end":{"line":204,"column":null}},"26":{"start":{"line":188,"column":74},"end":{"line":204,"column":8}},"27":{"start":{"line":206,"column":28},"end":{"line":206,"column":null}},"28":{"start":{"line":206,"column":46},"end":{"line":206,"column":57}},"29":{"start":{"line":208,"column":6},"end":{"line":212,"column":null}},"30":{"start":{"line":214,"column":6},"end":{"line":214,"column":null}},"31":{"start":{"line":217,"column":6},"end":{"line":217,"column":null}},"32":{"start":{"line":218,"column":6},"end":{"line":221,"column":null}},"33":{"start":{"line":233,"column":4},"end":{"line":308,"column":null}},"34":{"start":{"line":234,"column":6},"end":{"line":234,"column":null}},"35":{"start":{"line":235,"column":6},"end":{"line":235,"column":null}},"36":{"start":{"line":238,"column":6},"end":{"line":259,"column":null}},"37":{"start":{"line":239,"column":8},"end":{"line":239,"column":null}},"38":{"start":{"line":242,"column":8},"end":{"line":242,"column":null}},"39":{"start":{"line":242,"column":37},"end":{"line":242,"column":61}},"40":{"start":{"line":244,"column":22},"end":{"line":244,"column":null}},"41":{"start":{"line":245,"column":23},"end":{"line":245,"column":null}},"42":{"start":{"line":245,"column":47},"end":{"line":245,"column":58}},"43":{"start":{"line":247,"column":8},"end":{"line":250,"column":null}},"44":{"start":{"line":252,"column":8},"end":{"line":256,"column":null}},"45":{"start":{"line":253,"column":10},"end":{"line":253,"column":null}},"46":{"start":{"line":255,"column":10},"end":{"line":255,"column":null}},"47":{"start":{"line":258,"column":8},"end":{"line":258,"column":null}},"48":{"start":{"line":262,"column":6},"end":{"line":262,"column":null}},"49":{"start":{"line":263,"column":23},"end":{"line":263,"column":null}},"50":{"start":{"line":265,"column":6},"end":{"line":272,"column":null}},"51":{"start":{"line":266,"column":8},"end":{"line":266,"column":null}},"52":{"start":{"line":267,"column":8},"end":{"line":270,"column":null}},"53":{"start":{"line":271,"column":8},"end":{"line":271,"column":null}},"54":{"start":{"line":275,"column":32},"end":{"line":291,"column":null}},"55":{"start":{"line":293,"column":6},"end":{"line":296,"column":null}},"56":{"start":{"line":298,"column":6},"end":{"line":298,"column":null}},"57":{"start":{"line":299,"column":6},"end":{"line":299,"column":null}},"58":{"start":{"line":302,"column":6},"end":{"line":302,"column":null}},"59":{"start":{"line":303,"column":6},"end":{"line":306,"column":null}},"60":{"start":{"line":307,"column":6},"end":{"line":307,"column":null}},"61":{"start":{"line":319,"column":4},"end":{"line":395,"column":null}},"62":{"start":{"line":320,"column":6},"end":{"line":320,"column":null}},"63":{"start":{"line":321,"column":6},"end":{"line":321,"column":null}},"64":{"start":{"line":324,"column":6},"end":{"line":355,"column":null}},"65":{"start":{"line":325,"column":8},"end":{"line":325,"column":null}},"66":{"start":{"line":328,"column":8},"end":{"line":328,"column":null}},"67":{"start":{"line":328,"column":37},"end":{"line":328,"column":61}},"68":{"start":{"line":331,"column":37},"end":{"line":345,"column":null}},"69":{"start":{"line":347,"column":22},"end":{"line":347,"column":null}},"70":{"start":{"line":348,"column":8},"end":{"line":351,"column":null}},"71":{"start":{"line":353,"column":8},"end":{"line":353,"column":null}},"72":{"start":{"line":354,"column":8},"end":{"line":354,"column":null}},"73":{"start":{"line":358,"column":6},"end":{"line":358,"column":null}},"74":{"start":{"line":361,"column":26},"end":{"line":369,"column":null}},"75":{"start":{"line":371,"column":23},"end":{"line":371,"column":null}},"76":{"start":{"line":373,"column":6},"end":{"line":380,"column":null}},"77":{"start":{"line":374,"column":8},"end":{"line":374,"column":null}},"78":{"start":{"line":375,"column":8},"end":{"line":378,"column":null}},"79":{"start":{"line":379,"column":8},"end":{"line":379,"column":null}},"80":{"start":{"line":383,"column":6},"end":{"line":383,"column":null}},"81":{"start":{"line":385,"column":6},"end":{"line":385,"column":null}},"82":{"start":{"line":386,"column":6},"end":{"line":386,"column":null}},"83":{"start":{"line":389,"column":6},"end":{"line":389,"column":null}},"84":{"start":{"line":390,"column":6},"end":{"line":393,"column":null}},"85":{"start":{"line":394,"column":6},"end":{"line":394,"column":null}},"86":{"start":{"line":407,"column":4},"end":{"line":494,"column":null}},"87":{"start":{"line":408,"column":6},"end":{"line":408,"column":null}},"88":{"start":{"line":409,"column":6},"end":{"line":409,"column":null}},"89":{"start":{"line":412,"column":6},"end":{"line":454,"column":null}},"90":{"start":{"line":413,"column":8},"end":{"line":413,"column":null}},"91":{"start":{"line":416,"column":8},"end":{"line":416,"column":null}},"92":{"start":{"line":416,"column":37},"end":{"line":416,"column":61}},"93":{"start":{"line":418,"column":22},"end":{"line":418,"column":null}},"94":{"start":{"line":419,"column":28},"end":{"line":419,"column":null}},"95":{"start":{"line":419,"column":57},"end":{"line":419,"column":68}},"96":{"start":{"line":421,"column":8},"end":{"line":428,"column":null}},"97":{"start":{"line":422,"column":10},"end":{"line":422,"column":null}},"98":{"start":{"line":423,"column":10},"end":{"line":426,"column":null}},"99":{"start":{"line":427,"column":10},"end":{"line":427,"column":null}},"100":{"start":{"line":431,"column":41},"end":{"line":441,"column":null}},"101":{"start":{"line":443,"column":27},"end":{"line":443,"column":null}},"102":{"start":{"line":444,"column":8},"end":{"line":444,"column":null}},"103":{"start":{"line":446,"column":8},"end":{"line":450,"column":null}},"104":{"start":{"line":452,"column":8},"end":{"line":452,"column":null}},"105":{"start":{"line":453,"column":8},"end":{"line":453,"column":null}},"106":{"start":{"line":457,"column":6},"end":{"line":457,"column":null}},"107":{"start":{"line":460,"column":26},"end":{"line":468,"column":null}},"108":{"start":{"line":470,"column":23},"end":{"line":470,"column":null}},"109":{"start":{"line":472,"column":6},"end":{"line":479,"column":null}},"110":{"start":{"line":473,"column":8},"end":{"line":473,"column":null}},"111":{"start":{"line":474,"column":8},"end":{"line":477,"column":null}},"112":{"start":{"line":478,"column":8},"end":{"line":478,"column":null}},"113":{"start":{"line":482,"column":6},"end":{"line":482,"column":null}},"114":{"start":{"line":484,"column":6},"end":{"line":484,"column":null}},"115":{"start":{"line":485,"column":6},"end":{"line":485,"column":null}},"116":{"start":{"line":488,"column":6},"end":{"line":488,"column":null}},"117":{"start":{"line":489,"column":6},"end":{"line":492,"column":null}},"118":{"start":{"line":493,"column":6},"end":{"line":493,"column":null}},"119":{"start":{"line":505,"column":4},"end":{"line":571,"column":null}},"120":{"start":{"line":506,"column":6},"end":{"line":506,"column":null}},"121":{"start":{"line":507,"column":6},"end":{"line":507,"column":null}},"122":{"start":{"line":510,"column":6},"end":{"line":543,"column":null}},"123":{"start":{"line":511,"column":8},"end":{"line":511,"column":null}},"124":{"start":{"line":514,"column":8},"end":{"line":514,"column":null}},"125":{"start":{"line":514,"column":37},"end":{"line":514,"column":61}},"126":{"start":{"line":516,"column":22},"end":{"line":516,"column":null}},"127":{"start":{"line":517,"column":31},"end":{"line":517,"column":null}},"128":{"start":{"line":517,"column":55},"end":{"line":517,"column":66}},"129":{"start":{"line":519,"column":8},"end":{"line":526,"column":null}},"130":{"start":{"line":520,"column":10},"end":{"line":520,"column":null}},"131":{"start":{"line":521,"column":10},"end":{"line":524,"column":null}},"132":{"start":{"line":525,"column":10},"end":{"line":525,"column":null}},"133":{"start":{"line":529,"column":27},"end":{"line":529,"column":null}},"134":{"start":{"line":529,"column":53},"end":{"line":529,"column":64}},"135":{"start":{"line":532,"column":35},"end":{"line":532,"column":null}},"136":{"start":{"line":534,"column":8},"end":{"line":539,"column":null}},"137":{"start":{"line":541,"column":8},"end":{"line":541,"column":null}},"138":{"start":{"line":542,"column":8},"end":{"line":542,"column":null}},"139":{"start":{"line":546,"column":6},"end":{"line":546,"column":null}},"140":{"start":{"line":547,"column":23},"end":{"line":547,"column":null}},"141":{"start":{"line":549,"column":6},"end":{"line":556,"column":null}},"142":{"start":{"line":550,"column":8},"end":{"line":550,"column":null}},"143":{"start":{"line":551,"column":8},"end":{"line":554,"column":null}},"144":{"start":{"line":555,"column":8},"end":{"line":555,"column":null}},"145":{"start":{"line":559,"column":6},"end":{"line":559,"column":null}},"146":{"start":{"line":561,"column":6},"end":{"line":561,"column":null}},"147":{"start":{"line":562,"column":6},"end":{"line":562,"column":null}},"148":{"start":{"line":565,"column":6},"end":{"line":565,"column":null}},"149":{"start":{"line":566,"column":6},"end":{"line":569,"column":null}},"150":{"start":{"line":570,"column":6},"end":{"line":570,"column":null}},"151":{"start":{"line":582,"column":4},"end":{"line":647,"column":null}},"152":{"start":{"line":583,"column":6},"end":{"line":583,"column":null}},"153":{"start":{"line":584,"column":6},"end":{"line":584,"column":null}},"154":{"start":{"line":587,"column":6},"end":{"line":619,"column":null}},"155":{"start":{"line":588,"column":8},"end":{"line":588,"column":null}},"156":{"start":{"line":591,"column":8},"end":{"line":591,"column":null}},"157":{"start":{"line":591,"column":37},"end":{"line":591,"column":61}},"158":{"start":{"line":593,"column":22},"end":{"line":593,"column":null}},"159":{"start":{"line":594,"column":29},"end":{"line":594,"column":null}},"160":{"start":{"line":594,"column":53},"end":{"line":594,"column":64}},"161":{"start":{"line":596,"column":8},"end":{"line":603,"column":null}},"162":{"start":{"line":597,"column":10},"end":{"line":597,"column":null}},"163":{"start":{"line":598,"column":10},"end":{"line":601,"column":null}},"164":{"start":{"line":602,"column":10},"end":{"line":602,"column":null}},"165":{"start":{"line":606,"column":27},"end":{"line":609,"column":null}},"166":{"start":{"line":606,"column":51},"end":{"line":609,"column":10}},"167":{"start":{"line":611,"column":8},"end":{"line":615,"column":null}},"168":{"start":{"line":617,"column":8},"end":{"line":617,"column":null}},"169":{"start":{"line":618,"column":8},"end":{"line":618,"column":null}},"170":{"start":{"line":622,"column":6},"end":{"line":622,"column":null}},"171":{"start":{"line":623,"column":23},"end":{"line":623,"column":null}},"172":{"start":{"line":625,"column":6},"end":{"line":632,"column":null}},"173":{"start":{"line":626,"column":8},"end":{"line":626,"column":null}},"174":{"start":{"line":627,"column":8},"end":{"line":630,"column":null}},"175":{"start":{"line":631,"column":8},"end":{"line":631,"column":null}},"176":{"start":{"line":635,"column":6},"end":{"line":635,"column":null}},"177":{"start":{"line":637,"column":6},"end":{"line":637,"column":null}},"178":{"start":{"line":638,"column":6},"end":{"line":638,"column":null}},"179":{"start":{"line":641,"column":6},"end":{"line":641,"column":null}},"180":{"start":{"line":642,"column":6},"end":{"line":645,"column":null}},"181":{"start":{"line":646,"column":6},"end":{"line":646,"column":null}},"182":{"start":{"line":658,"column":4},"end":{"line":762,"column":null}},"183":{"start":{"line":659,"column":6},"end":{"line":659,"column":null}},"184":{"start":{"line":660,"column":6},"end":{"line":660,"column":null}},"185":{"start":{"line":663,"column":6},"end":{"line":711,"column":null}},"186":{"start":{"line":664,"column":8},"end":{"line":664,"column":null}},"187":{"start":{"line":667,"column":8},"end":{"line":667,"column":null}},"188":{"start":{"line":667,"column":37},"end":{"line":667,"column":62}},"189":{"start":{"line":669,"column":22},"end":{"line":669,"column":null}},"190":{"start":{"line":670,"column":23},"end":{"line":670,"column":null}},"191":{"start":{"line":670,"column":47},"end":{"line":670,"column":58}},"192":{"start":{"line":672,"column":8},"end":{"line":682,"column":null}},"193":{"start":{"line":673,"column":37},"end":{"line":678,"column":null}},"194":{"start":{"line":680,"column":10},"end":{"line":680,"column":null}},"195":{"start":{"line":681,"column":10},"end":{"line":681,"column":null}},"196":{"start":{"line":685,"column":35},"end":{"line":690,"column":null}},"197":{"start":{"line":693,"column":27},"end":{"line":702,"column":null}},"198":{"start":{"line":694,"column":10},"end":{"line":701,"column":null}},"199":{"start":{"line":704,"column":8},"end":{"line":707,"column":null}},"200":{"start":{"line":709,"column":8},"end":{"line":709,"column":null}},"201":{"start":{"line":710,"column":8},"end":{"line":710,"column":null}},"202":{"start":{"line":714,"column":6},"end":{"line":714,"column":null}},"203":{"start":{"line":715,"column":23},"end":{"line":715,"column":null}},"204":{"start":{"line":717,"column":6},"end":{"line":717,"column":null}},"205":{"start":{"line":719,"column":6},"end":{"line":731,"column":null}},"206":{"start":{"line":720,"column":8},"end":{"line":720,"column":null}},"207":{"start":{"line":722,"column":35},"end":{"line":727,"column":null}},"208":{"start":{"line":729,"column":8},"end":{"line":729,"column":null}},"209":{"start":{"line":730,"column":8},"end":{"line":730,"column":null}},"210":{"start":{"line":733,"column":33},"end":{"line":738,"column":null}},"211":{"start":{"line":741,"column":6},"end":{"line":741,"column":null}},"212":{"start":{"line":743,"column":6},"end":{"line":743,"column":null}},"213":{"start":{"line":744,"column":6},"end":{"line":744,"column":null}},"214":{"start":{"line":747,"column":6},"end":{"line":747,"column":null}},"215":{"start":{"line":749,"column":33},"end":{"line":754,"column":null}},"216":{"start":{"line":756,"column":6},"end":{"line":759,"column":null}},"217":{"start":{"line":761,"column":6},"end":{"line":761,"column":null}},"218":{"start":{"line":771,"column":4},"end":{"line":771,"column":null}},"219":{"start":{"line":772,"column":4},"end":{"line":772,"column":null}},"220":{"start":{"line":779,"column":4},"end":{"line":779,"column":null}},"221":{"start":{"line":780,"column":4},"end":{"line":780,"column":null}}},"fnMap":{"0":{"name":"(anonymous_0)","decl":{"start":{"line":88,"column":22},"end":{"line":88,"column":37}},"loc":{"start":{"line":88,"column":37},"end":{"line":90,"column":null}},"line":88},"1":{"name":"(anonymous_1)","decl":{"start":{"line":95,"column":23},"end":{"line":95,"column":42}},"loc":{"start":{"line":95,"column":42},"end":{"line":130,"column":null}},"line":95},"2":{"name":"(anonymous_2)","decl":{"start":{"line":135,"column":56},"end":{"line":135,"column":57}},"loc":{"start":{"line":135,"column":71},"end":{"line":782,"column":2}},"line":135},"3":{"name":"(anonymous_3)","decl":{"start":{"line":149,"column":15},"end":{"line":149,"column":27}},"loc":{"start":{"line":149,"column":27},"end":{"line":223,"column":null}},"line":149},"4":{"name":"(anonymous_4)","decl":{"start":{"line":159,"column":26},"end":{"line":159,"column":37}},"loc":{"start":{"line":159,"column":37},"end":{"line":159,"column":61}},"line":159},"5":{"name":"(anonymous_5)","decl":{"start":{"line":162,"column":47},"end":{"line":162,"column":52}},"loc":{"start":{"line":162,"column":52},"end":{"line":162,"column":63}},"line":162},"6":{"name":"(anonymous_6)","decl":{"start":{"line":188,"column":56},"end":{"line":188,"column":57}},"loc":{"start":{"line":188,"column":74},"end":{"line":204,"column":8}},"line":188},"7":{"name":"(anonymous_7)","decl":{"start":{"line":206,"column":41},"end":{"line":206,"column":46}},"loc":{"start":{"line":206,"column":46},"end":{"line":206,"column":57}},"line":206},"8":{"name":"(anonymous_8)","decl":{"start":{"line":232,"column":13},"end":{"line":232,"column":20}},"loc":{"start":{"line":232,"column":27},"end":{"line":309,"column":null}},"line":232},"9":{"name":"(anonymous_9)","decl":{"start":{"line":242,"column":26},"end":{"line":242,"column":37}},"loc":{"start":{"line":242,"column":37},"end":{"line":242,"column":61}},"line":242},"10":{"name":"(anonymous_10)","decl":{"start":{"line":245,"column":42},"end":{"line":245,"column":47}},"loc":{"start":{"line":245,"column":47},"end":{"line":245,"column":58}},"line":245},"11":{"name":"(anonymous_11)","decl":{"start":{"line":318,"column":16},"end":{"line":318,"column":23}},"loc":{"start":{"line":318,"column":34},"end":{"line":396,"column":null}},"line":318},"12":{"name":"(anonymous_12)","decl":{"start":{"line":328,"column":26},"end":{"line":328,"column":37}},"loc":{"start":{"line":328,"column":37},"end":{"line":328,"column":61}},"line":328},"13":{"name":"(anonymous_13)","decl":{"start":{"line":406,"column":16},"end":{"line":406,"column":23}},"loc":{"start":{"line":406,"column":38},"end":{"line":495,"column":null}},"line":406},"14":{"name":"(anonymous_14)","decl":{"start":{"line":416,"column":26},"end":{"line":416,"column":37}},"loc":{"start":{"line":416,"column":37},"end":{"line":416,"column":61}},"line":416},"15":{"name":"(anonymous_15)","decl":{"start":{"line":419,"column":52},"end":{"line":419,"column":57}},"loc":{"start":{"line":419,"column":57},"end":{"line":419,"column":68}},"line":419},"16":{"name":"(anonymous_16)","decl":{"start":{"line":504,"column":16},"end":{"line":504,"column":23}},"loc":{"start":{"line":504,"column":30},"end":{"line":572,"column":null}},"line":504},"17":{"name":"(anonymous_17)","decl":{"start":{"line":514,"column":26},"end":{"line":514,"column":37}},"loc":{"start":{"line":514,"column":37},"end":{"line":514,"column":61}},"line":514},"18":{"name":"(anonymous_18)","decl":{"start":{"line":517,"column":50},"end":{"line":517,"column":55}},"loc":{"start":{"line":517,"column":55},"end":{"line":517,"column":66}},"line":517},"19":{"name":"(anonymous_19)","decl":{"start":{"line":529,"column":48},"end":{"line":529,"column":53}},"loc":{"start":{"line":529,"column":53},"end":{"line":529,"column":64}},"line":529},"20":{"name":"(anonymous_20)","decl":{"start":{"line":581,"column":20},"end":{"line":581,"column":27}},"loc":{"start":{"line":581,"column":34},"end":{"line":648,"column":null}},"line":581},"21":{"name":"(anonymous_21)","decl":{"start":{"line":591,"column":26},"end":{"line":591,"column":37}},"loc":{"start":{"line":591,"column":37},"end":{"line":591,"column":61}},"line":591},"22":{"name":"(anonymous_22)","decl":{"start":{"line":594,"column":48},"end":{"line":594,"column":53}},"loc":{"start":{"line":594,"column":53},"end":{"line":594,"column":64}},"line":594},"23":{"name":"(anonymous_23)","decl":{"start":{"line":606,"column":45},"end":{"line":606,"column":51}},"loc":{"start":{"line":606,"column":51},"end":{"line":609,"column":10}},"line":606},"24":{"name":"(anonymous_24)","decl":{"start":{"line":657,"column":14},"end":{"line":657,"column":21}},"loc":{"start":{"line":657,"column":28},"end":{"line":763,"column":null}},"line":657},"25":{"name":"(anonymous_25)","decl":{"start":{"line":667,"column":26},"end":{"line":667,"column":37}},"loc":{"start":{"line":667,"column":37},"end":{"line":667,"column":62}},"line":667},"26":{"name":"(anonymous_26)","decl":{"start":{"line":670,"column":42},"end":{"line":670,"column":47}},"loc":{"start":{"line":670,"column":47},"end":{"line":670,"column":58}},"line":670},"27":{"name":"(anonymous_27)","decl":{"start":{"line":693,"column":45},"end":{"line":693,"column":null}},"loc":{"start":{"line":694,"column":10},"end":{"line":701,"column":null}},"line":694},"28":{"name":"(anonymous_28)","decl":{"start":{"line":770,"column":20},"end":{"line":770,"column":21}},"loc":{"start":{"line":770,"column":32},"end":{"line":773,"column":null}},"line":770},"29":{"name":"(anonymous_29)","decl":{"start":{"line":778,"column":14},"end":{"line":778,"column":20}},"loc":{"start":{"line":778,"column":20},"end":{"line":781,"column":null}},"line":778}},"branchMap":{"0":{"loc":{"start":{"line":89,"column":9},"end":{"line":89,"column":null}},"type":"binary-expr","locations":[{"start":{"line":89,"column":9},"end":{"line":89,"column":30}},{"start":{"line":89,"column":30},"end":{"line":89,"column":null}}],"line":89},"1":{"loc":{"start":{"line":155,"column":6},"end":{"line":172,"column":null}},"type":"if","locations":[{"start":{"line":155,"column":6},"end":{"line":172,"column":null}},{"start":{},"end":{}}],"line":155},"2":{"loc":{"start":{"line":166,"column":27},"end":{"line":166,"column":null}},"type":"binary-expr","locations":[{"start":{"line":166,"column":27},"end":{"line":166,"column":48}},{"start":{"line":166,"column":48},"end":{"line":166,"column":null}}],"line":166},"3":{"loc":{"start":{"line":178,"column":6},"end":{"line":185,"column":null}},"type":"if","locations":[{"start":{"line":178,"column":6},"end":{"line":185,"column":null}},{"start":{},"end":{}}],"line":178},"4":{"loc":{"start":{"line":182,"column":17},"end":{"line":182,"column":null}},"type":"binary-expr","locations":[{"start":{"line":182,"column":17},"end":{"line":182,"column":43}},{"start":{"line":182,"column":43},"end":{"line":182,"column":null}}],"line":182},"5":{"loc":{"start":{"line":195,"column":16},"end":{"line":195,"column":null}},"type":"binary-expr","locations":[{"start":{"line":195,"column":16},"end":{"line":195,"column":33}},{"start":{"line":195,"column":33},"end":{"line":195,"column":null}}],"line":195},"6":{"loc":{"start":{"line":196,"column":15},"end":{"line":196,"column":null}},"type":"binary-expr","locations":[{"start":{"line":196,"column":15},"end":{"line":196,"column":31}},{"start":{"line":196,"column":31},"end":{"line":196,"column":null}}],"line":196},"7":{"loc":{"start":{"line":210,"column":25},"end":{"line":210,"column":null}},"type":"binary-expr","locations":[{"start":{"line":210,"column":25},"end":{"line":210,"column":46}},{"start":{"line":210,"column":46},"end":{"line":210,"column":null}}],"line":210},"8":{"loc":{"start":{"line":238,"column":6},"end":{"line":259,"column":null}},"type":"if","locations":[{"start":{"line":238,"column":6},"end":{"line":259,"column":null}},{"start":{},"end":{}}],"line":238},"9":{"loc":{"start":{"line":245,"column":23},"end":{"line":245,"column":null}},"type":"binary-expr","locations":[{"start":{"line":245,"column":23},"end":{"line":245,"column":63}},{"start":{"line":245,"column":63},"end":{"line":245,"column":null}}],"line":245},"10":{"loc":{"start":{"line":252,"column":8},"end":{"line":256,"column":null}},"type":"if","locations":[{"start":{"line":252,"column":8},"end":{"line":256,"column":null}},{"start":{"line":254,"column":15},"end":{"line":256,"column":null}}],"line":252},"11":{"loc":{"start":{"line":265,"column":6},"end":{"line":272,"column":null}},"type":"if","locations":[{"start":{"line":265,"column":6},"end":{"line":272,"column":null}},{"start":{},"end":{}}],"line":265},"12":{"loc":{"start":{"line":269,"column":17},"end":{"line":269,"column":null}},"type":"binary-expr","locations":[{"start":{"line":269,"column":17},"end":{"line":269,"column":43}},{"start":{"line":269,"column":43},"end":{"line":269,"column":null}}],"line":269},"13":{"loc":{"start":{"line":282,"column":16},"end":{"line":282,"column":null}},"type":"binary-expr","locations":[{"start":{"line":282,"column":16},"end":{"line":282,"column":42}},{"start":{"line":282,"column":42},"end":{"line":282,"column":null}}],"line":282},"14":{"loc":{"start":{"line":283,"column":15},"end":{"line":283,"column":null}},"type":"binary-expr","locations":[{"start":{"line":283,"column":15},"end":{"line":283,"column":40}},{"start":{"line":283,"column":40},"end":{"line":283,"column":null}}],"line":283},"15":{"loc":{"start":{"line":324,"column":6},"end":{"line":355,"column":null}},"type":"if","locations":[{"start":{"line":324,"column":6},"end":{"line":355,"column":null}},{"start":{},"end":{}}],"line":324},"16":{"loc":{"start":{"line":338,"column":18},"end":{"line":338,"column":null}},"type":"binary-expr","locations":[{"start":{"line":338,"column":18},"end":{"line":338,"column":35}},{"start":{"line":338,"column":35},"end":{"line":338,"column":null}}],"line":338},"17":{"loc":{"start":{"line":339,"column":17},"end":{"line":339,"column":null}},"type":"binary-expr","locations":[{"start":{"line":339,"column":17},"end":{"line":339,"column":33}},{"start":{"line":339,"column":33},"end":{"line":339,"column":null}}],"line":339},"18":{"loc":{"start":{"line":373,"column":6},"end":{"line":380,"column":null}},"type":"if","locations":[{"start":{"line":373,"column":6},"end":{"line":380,"column":null}},{"start":{},"end":{}}],"line":373},"19":{"loc":{"start":{"line":377,"column":17},"end":{"line":377,"column":null}},"type":"binary-expr","locations":[{"start":{"line":377,"column":17},"end":{"line":377,"column":43}},{"start":{"line":377,"column":43},"end":{"line":377,"column":null}}],"line":377},"20":{"loc":{"start":{"line":412,"column":6},"end":{"line":454,"column":null}},"type":"if","locations":[{"start":{"line":412,"column":6},"end":{"line":454,"column":null}},{"start":{},"end":{}}],"line":412},"21":{"loc":{"start":{"line":421,"column":8},"end":{"line":428,"column":null}},"type":"if","locations":[{"start":{"line":421,"column":8},"end":{"line":428,"column":null}},{"start":{},"end":{}}],"line":421},"22":{"loc":{"start":{"line":438,"column":18},"end":{"line":438,"column":null}},"type":"binary-expr","locations":[{"start":{"line":438,"column":18},"end":{"line":438,"column":35}},{"start":{"line":438,"column":35},"end":{"line":438,"column":null}}],"line":438},"23":{"loc":{"start":{"line":439,"column":17},"end":{"line":439,"column":null}},"type":"binary-expr","locations":[{"start":{"line":439,"column":17},"end":{"line":439,"column":33}},{"start":{"line":439,"column":33},"end":{"line":439,"column":null}}],"line":439},"24":{"loc":{"start":{"line":472,"column":6},"end":{"line":479,"column":null}},"type":"if","locations":[{"start":{"line":472,"column":6},"end":{"line":479,"column":null}},{"start":{},"end":{}}],"line":472},"25":{"loc":{"start":{"line":476,"column":17},"end":{"line":476,"column":null}},"type":"binary-expr","locations":[{"start":{"line":476,"column":17},"end":{"line":476,"column":43}},{"start":{"line":476,"column":43},"end":{"line":476,"column":null}}],"line":476},"26":{"loc":{"start":{"line":510,"column":6},"end":{"line":543,"column":null}},"type":"if","locations":[{"start":{"line":510,"column":6},"end":{"line":543,"column":null}},{"start":{},"end":{}}],"line":510},"27":{"loc":{"start":{"line":519,"column":8},"end":{"line":526,"column":null}},"type":"if","locations":[{"start":{"line":519,"column":8},"end":{"line":526,"column":null}},{"start":{},"end":{}}],"line":519},"28":{"loc":{"start":{"line":532,"column":35},"end":{"line":532,"column":null}},"type":"cond-expr","locations":[{"start":{"line":532,"column":62},"end":{"line":532,"column":69}},{"start":{"line":532,"column":69},"end":{"line":532,"column":null}}],"line":532},"29":{"loc":{"start":{"line":537,"column":25},"end":{"line":537,"column":null}},"type":"cond-expr","locations":[{"start":{"line":537,"column":58},"end":{"line":537,"column":65}},{"start":{"line":537,"column":65},"end":{"line":537,"column":null}}],"line":537},"30":{"loc":{"start":{"line":549,"column":6},"end":{"line":556,"column":null}},"type":"if","locations":[{"start":{"line":549,"column":6},"end":{"line":556,"column":null}},{"start":{},"end":{}}],"line":549},"31":{"loc":{"start":{"line":553,"column":17},"end":{"line":553,"column":null}},"type":"binary-expr","locations":[{"start":{"line":553,"column":17},"end":{"line":553,"column":43}},{"start":{"line":553,"column":43},"end":{"line":553,"column":null}}],"line":553},"32":{"loc":{"start":{"line":587,"column":6},"end":{"line":619,"column":null}},"type":"if","locations":[{"start":{"line":587,"column":6},"end":{"line":619,"column":null}},{"start":{},"end":{}}],"line":587},"33":{"loc":{"start":{"line":596,"column":8},"end":{"line":603,"column":null}},"type":"if","locations":[{"start":{"line":596,"column":8},"end":{"line":603,"column":null}},{"start":{},"end":{}}],"line":596},"34":{"loc":{"start":{"line":625,"column":6},"end":{"line":632,"column":null}},"type":"if","locations":[{"start":{"line":625,"column":6},"end":{"line":632,"column":null}},{"start":{},"end":{}}],"line":625},"35":{"loc":{"start":{"line":629,"column":17},"end":{"line":629,"column":null}},"type":"binary-expr","locations":[{"start":{"line":629,"column":17},"end":{"line":629,"column":43}},{"start":{"line":629,"column":43},"end":{"line":629,"column":null}}],"line":629},"36":{"loc":{"start":{"line":663,"column":6},"end":{"line":711,"column":null}},"type":"if","locations":[{"start":{"line":663,"column":6},"end":{"line":711,"column":null}},{"start":{},"end":{}}],"line":663},"37":{"loc":{"start":{"line":672,"column":8},"end":{"line":682,"column":null}},"type":"if","locations":[{"start":{"line":672,"column":8},"end":{"line":682,"column":null}},{"start":{},"end":{}}],"line":672},"38":{"loc":{"start":{"line":694,"column":10},"end":{"line":701,"column":null}},"type":"cond-expr","locations":[{"start":{"line":695,"column":14},"end":{"line":700,"column":null}},{"start":{"line":701,"column":14},"end":{"line":701,"column":null}}],"line":694},"39":{"loc":{"start":{"line":719,"column":6},"end":{"line":731,"column":null}},"type":"if","locations":[{"start":{"line":719,"column":6},"end":{"line":731,"column":null}},{"start":{},"end":{}}],"line":719},"40":{"loc":{"start":{"line":725,"column":19},"end":{"line":725,"column":null}},"type":"binary-expr","locations":[{"start":{"line":725,"column":19},"end":{"line":725,"column":39}},{"start":{"line":725,"column":39},"end":{"line":725,"column":null}}],"line":725},"41":{"loc":{"start":{"line":729,"column":21},"end":{"line":729,"column":56}},"type":"binary-expr","locations":[{"start":{"line":729,"column":21},"end":{"line":729,"column":47}},{"start":{"line":729,"column":47},"end":{"line":729,"column":56}}],"line":729},"42":{"loc":{"start":{"line":743,"column":49},"end":{"line":743,"column":80}},"type":"cond-expr","locations":[{"start":{"line":743,"column":68},"end":{"line":743,"column":75}},{"start":{"line":743,"column":75},"end":{"line":743,"column":80}}],"line":743},"43":{"loc":{"start":{"line":772,"column":48},"end":{"line":772,"column":71}},"type":"binary-expr","locations":[{"start":{"line":772,"column":48},"end":{"line":772,"column":65}},{"start":{"line":772,"column":65},"end":{"line":772,"column":71}}],"line":772}},"s":{"0":1,"1":29,"2":1,"3":0,"4":1,"5":1,"6":13,"7":13,"8":13,"9":13,"10":0,"11":0,"12":0,"13":0,"14":0,"15":0,"16":0,"17":0,"18":0,"19":13,"20":13,"21":12,"22":1,"23":1,"24":1,"25":11,"26":3,"27":11,"28":2,"29":11,"30":13,"31":1,"32":1,"33":2,"34":2,"35":2,"36":2,"37":0,"38":0,"39":0,"40":0,"41":0,"42":0,"43":0,"44":0,"45":0,"46":0,"47":0,"48":2,"49":2,"50":2,"51":1,"52":1,"53":1,"54":1,"55":2,"56":2,"57":2,"58":0,"59":0,"60":0,"61":4,"62":4,"63":4,"64":4,"65":0,"66":0,"67":0,"68":0,"69":0,"70":0,"71":0,"72":0,"73":4,"74":4,"75":4,"76":4,"77":2,"78":2,"79":2,"80":2,"81":2,"82":2,"83":0,"84":0,"85":0,"86":2,"87":2,"88":2,"89":2,"90":0,"91":0,"92":0,"93":0,"94":0,"95":0,"96":0,"97":0,"98":0,"99":0,"100":0,"101":0,"102":0,"103":0,"104":0,"105":0,"106":2,"107":2,"108":2,"109":2,"110":1,"111":1,"112":1,"113":1,"114":1,"115":1,"116":0,"117":0,"118":0,"119":2,"120":2,"121":2,"122":2,"123":0,"124":0,"125":0,"126":0,"127":0,"128":0,"129":0,"130":0,"131":0,"132":0,"133":0,"134":0,"135":0,"136":0,"137":0,"138":0,"139":2,"140":2,"141":2,"142":1,"143":1,"144":1,"145":1,"146":1,"147":1,"148":0,"149":0,"150":0,"151":2,"152":2,"153":2,"154":2,"155":0,"156":0,"157":0,"158":0,"159":0,"160":0,"161":0,"162":0,"163":0,"164":0,"165":0,"166":0,"167":0,"168":0,"169":0,"170":2,"171":2,"172":2,"173":1,"174":1,"175":1,"176":1,"177":1,"178":1,"179":0,"180":0,"181":0,"182":4,"183":4,"184":4,"185":4,"186":0,"187":0,"188":0,"189":0,"190":0,"191":0,"192":0,"193":0,"194":0,"195":0,"196":0,"197":0,"198":0,"199":0,"200":0,"201":0,"202":4,"203":4,"204":3,"205":3,"206":1,"207":1,"208":1,"209":1,"210":2,"211":2,"212":2,"213":4,"214":1,"215":1,"216":1,"217":1,"218":2,"219":2,"220":1,"221":1},"f":{"0":29,"1":0,"2":1,"3":13,"4":0,"5":0,"6":3,"7":2,"8":2,"9":0,"10":0,"11":4,"12":0,"13":2,"14":0,"15":0,"16":2,"17":0,"18":0,"19":0,"20":2,"21":0,"22":0,"23":0,"24":4,"25":0,"26":0,"27":0,"28":2,"29":1},"b":{"0":[29,29],"1":[0,13],"2":[0,0],"3":[1,11],"4":[1,0],"5":[3,0],"6":[3,0],"7":[11,9],"8":[0,2],"9":[0,0],"10":[0,0],"11":[1,1],"12":[1,0],"13":[1,0],"14":[2,0],"15":[0,4],"16":[0,0],"17":[0,0],"18":[2,2],"19":[2,0],"20":[0,2],"21":[0,0],"22":[0,0],"23":[0,0],"24":[1,1],"25":[1,0],"26":[0,2],"27":[0,0],"28":[0,0],"29":[0,0],"30":[1,1],"31":[1,0],"32":[0,2],"33":[0,0],"34":[1,1],"35":[1,0],"36":[0,4],"37":[0,0],"38":[0,0],"39":[1,2],"40":[1,1],"41":[1,0],"42":[1,1],"43":[2,1]},"meta":{"lastBranch":44,"lastFunction":30,"lastStatement":222,"seen":{"s:88:22:90:Infinity":0,"f:88:22:88:37":0,"s:89:2:89:Infinity":1,"b:89:9:89:30:89:30:89:Infinity":0,"s:95:23:130:Infinity":2,"f:95:23:95:42":1,"s:96:2:129:Infinity":3,"s:135:13:782:Infinity":4,"f:135:56:135:57":2,"s:135:71:782:2":5,"f:149:15:149:27":3,"s:150:4:222:Infinity":6,"s:151:6:151:Infinity":7,"s:152:6:152:Infinity":8,"b:155:6:172:Infinity:undefined:undefined:undefined:undefined":1,"s:155:6:172:Infinity":9,"s:156:8:156:Infinity":10,"s:159:8:159:Infinity":11,"f:159:26:159:37":4,"s:159:37:159:61":12,"s:161:28:161:Infinity":13,"s:162:30:162:Infinity":14,"f:162:47:162:52":5,"s:162:52:162:63":15,"s:164:8:168:Infinity":16,"b:166:27:166:48:166:48:166:Infinity":2,"s:170:8:170:Infinity":17,"s:171:8:171:Infinity":18,"s:175:6:175:Infinity":19,"s:176:23:176:Infinity":20,"b:178:6:185:Infinity:undefined:undefined:undefined:undefined":3,"s:178:6:185:Infinity":21,"s:179:8:179:Infinity":22,"s:180:8:183:Infinity":23,"b:182:17:182:43:182:43:182:Infinity":4,"s:184:8:184:Infinity":24,"s:188:35:204:Infinity":25,"f:188:56:188:57":6,"s:188:74:204:8":26,"b:195:16:195:33:195:33:195:Infinity":5,"b:196:15:196:31:196:31:196:Infinity":6,"s:206:28:206:Infinity":27,"f:206:41:206:46":7,"s:206:46:206:57":28,"s:208:6:212:Infinity":29,"b:210:25:210:46:210:46:210:Infinity":7,"s:214:6:214:Infinity":30,"s:217:6:217:Infinity":31,"s:218:6:221:Infinity":32,"f:232:13:232:20":8,"s:233:4:308:Infinity":33,"s:234:6:234:Infinity":34,"s:235:6:235:Infinity":35,"b:238:6:259:Infinity:undefined:undefined:undefined:undefined":8,"s:238:6:259:Infinity":36,"s:239:8:239:Infinity":37,"s:242:8:242:Infinity":38,"f:242:26:242:37":9,"s:242:37:242:61":39,"s:244:22:244:Infinity":40,"s:245:23:245:Infinity":41,"b:245:23:245:63:245:63:245:Infinity":9,"f:245:42:245:47":10,"s:245:47:245:58":42,"s:247:8:250:Infinity":43,"b:252:8:256:Infinity:254:15:256:Infinity":10,"s:252:8:256:Infinity":44,"s:253:10:253:Infinity":45,"s:255:10:255:Infinity":46,"s:258:8:258:Infinity":47,"s:262:6:262:Infinity":48,"s:263:23:263:Infinity":49,"b:265:6:272:Infinity:undefined:undefined:undefined:undefined":11,"s:265:6:272:Infinity":50,"s:266:8:266:Infinity":51,"s:267:8:270:Infinity":52,"b:269:17:269:43:269:43:269:Infinity":12,"s:271:8:271:Infinity":53,"s:275:32:291:Infinity":54,"b:282:16:282:42:282:42:282:Infinity":13,"b:283:15:283:40:283:40:283:Infinity":14,"s:293:6:296:Infinity":55,"s:298:6:298:Infinity":56,"s:299:6:299:Infinity":57,"s:302:6:302:Infinity":58,"s:303:6:306:Infinity":59,"s:307:6:307:Infinity":60,"f:318:16:318:23":11,"s:319:4:395:Infinity":61,"s:320:6:320:Infinity":62,"s:321:6:321:Infinity":63,"b:324:6:355:Infinity:undefined:undefined:undefined:undefined":15,"s:324:6:355:Infinity":64,"s:325:8:325:Infinity":65,"s:328:8:328:Infinity":66,"f:328:26:328:37":12,"s:328:37:328:61":67,"s:331:37:345:Infinity":68,"b:338:18:338:35:338:35:338:Infinity":16,"b:339:17:339:33:339:33:339:Infinity":17,"s:347:22:347:Infinity":69,"s:348:8:351:Infinity":70,"s:353:8:353:Infinity":71,"s:354:8:354:Infinity":72,"s:358:6:358:Infinity":73,"s:361:26:369:Infinity":74,"s:371:23:371:Infinity":75,"b:373:6:380:Infinity:undefined:undefined:undefined:undefined":18,"s:373:6:380:Infinity":76,"s:374:8:374:Infinity":77,"s:375:8:378:Infinity":78,"b:377:17:377:43:377:43:377:Infinity":19,"s:379:8:379:Infinity":79,"s:383:6:383:Infinity":80,"s:385:6:385:Infinity":81,"s:386:6:386:Infinity":82,"s:389:6:389:Infinity":83,"s:390:6:393:Infinity":84,"s:394:6:394:Infinity":85,"f:406:16:406:23":13,"s:407:4:494:Infinity":86,"s:408:6:408:Infinity":87,"s:409:6:409:Infinity":88,"b:412:6:454:Infinity:undefined:undefined:undefined:undefined":20,"s:412:6:454:Infinity":89,"s:413:8:413:Infinity":90,"s:416:8:416:Infinity":91,"f:416:26:416:37":14,"s:416:37:416:61":92,"s:418:22:418:Infinity":93,"s:419:28:419:Infinity":94,"f:419:52:419:57":15,"s:419:57:419:68":95,"b:421:8:428:Infinity:undefined:undefined:undefined:undefined":21,"s:421:8:428:Infinity":96,"s:422:10:422:Infinity":97,"s:423:10:426:Infinity":98,"s:427:10:427:Infinity":99,"s:431:41:441:Infinity":100,"b:438:18:438:35:438:35:438:Infinity":22,"b:439:17:439:33:439:33:439:Infinity":23,"s:443:27:443:Infinity":101,"s:444:8:444:Infinity":102,"s:446:8:450:Infinity":103,"s:452:8:452:Infinity":104,"s:453:8:453:Infinity":105,"s:457:6:457:Infinity":106,"s:460:26:468:Infinity":107,"s:470:23:470:Infinity":108,"b:472:6:479:Infinity:undefined:undefined:undefined:undefined":24,"s:472:6:479:Infinity":109,"s:473:8:473:Infinity":110,"s:474:8:477:Infinity":111,"b:476:17:476:43:476:43:476:Infinity":25,"s:478:8:478:Infinity":112,"s:482:6:482:Infinity":113,"s:484:6:484:Infinity":114,"s:485:6:485:Infinity":115,"s:488:6:488:Infinity":116,"s:489:6:492:Infinity":117,"s:493:6:493:Infinity":118,"f:504:16:504:23":16,"s:505:4:571:Infinity":119,"s:506:6:506:Infinity":120,"s:507:6:507:Infinity":121,"b:510:6:543:Infinity:undefined:undefined:undefined:undefined":26,"s:510:6:543:Infinity":122,"s:511:8:511:Infinity":123,"s:514:8:514:Infinity":124,"f:514:26:514:37":17,"s:514:37:514:61":125,"s:516:22:516:Infinity":126,"s:517:31:517:Infinity":127,"f:517:50:517:55":18,"s:517:55:517:66":128,"b:519:8:526:Infinity:undefined:undefined:undefined:undefined":27,"s:519:8:526:Infinity":129,"s:520:10:520:Infinity":130,"s:521:10:524:Infinity":131,"s:525:10:525:Infinity":132,"s:529:27:529:Infinity":133,"f:529:48:529:53":19,"s:529:53:529:64":134,"s:532:35:532:Infinity":135,"b:532:62:532:69:532:69:532:Infinity":28,"s:534:8:539:Infinity":136,"b:537:58:537:65:537:65:537:Infinity":29,"s:541:8:541:Infinity":137,"s:542:8:542:Infinity":138,"s:546:6:546:Infinity":139,"s:547:23:547:Infinity":140,"b:549:6:556:Infinity:undefined:undefined:undefined:undefined":30,"s:549:6:556:Infinity":141,"s:550:8:550:Infinity":142,"s:551:8:554:Infinity":143,"b:553:17:553:43:553:43:553:Infinity":31,"s:555:8:555:Infinity":144,"s:559:6:559:Infinity":145,"s:561:6:561:Infinity":146,"s:562:6:562:Infinity":147,"s:565:6:565:Infinity":148,"s:566:6:569:Infinity":149,"s:570:6:570:Infinity":150,"f:581:20:581:27":20,"s:582:4:647:Infinity":151,"s:583:6:583:Infinity":152,"s:584:6:584:Infinity":153,"b:587:6:619:Infinity:undefined:undefined:undefined:undefined":32,"s:587:6:619:Infinity":154,"s:588:8:588:Infinity":155,"s:591:8:591:Infinity":156,"f:591:26:591:37":21,"s:591:37:591:61":157,"s:593:22:593:Infinity":158,"s:594:29:594:Infinity":159,"f:594:48:594:53":22,"s:594:53:594:64":160,"b:596:8:603:Infinity:undefined:undefined:undefined:undefined":33,"s:596:8:603:Infinity":161,"s:597:10:597:Infinity":162,"s:598:10:601:Infinity":163,"s:602:10:602:Infinity":164,"s:606:27:609:Infinity":165,"f:606:45:606:51":23,"s:606:51:609:10":166,"s:611:8:615:Infinity":167,"s:617:8:617:Infinity":168,"s:618:8:618:Infinity":169,"s:622:6:622:Infinity":170,"s:623:23:623:Infinity":171,"b:625:6:632:Infinity:undefined:undefined:undefined:undefined":34,"s:625:6:632:Infinity":172,"s:626:8:626:Infinity":173,"s:627:8:630:Infinity":174,"b:629:17:629:43:629:43:629:Infinity":35,"s:631:8:631:Infinity":175,"s:635:6:635:Infinity":176,"s:637:6:637:Infinity":177,"s:638:6:638:Infinity":178,"s:641:6:641:Infinity":179,"s:642:6:645:Infinity":180,"s:646:6:646:Infinity":181,"f:657:14:657:21":24,"s:658:4:762:Infinity":182,"s:659:6:659:Infinity":183,"s:660:6:660:Infinity":184,"b:663:6:711:Infinity:undefined:undefined:undefined:undefined":36,"s:663:6:711:Infinity":185,"s:664:8:664:Infinity":186,"s:667:8:667:Infinity":187,"f:667:26:667:37":25,"s:667:37:667:62":188,"s:669:22:669:Infinity":189,"s:670:23:670:Infinity":190,"f:670:42:670:47":26,"s:670:47:670:58":191,"b:672:8:682:Infinity:undefined:undefined:undefined:undefined":37,"s:672:8:682:Infinity":192,"s:673:37:678:Infinity":193,"s:680:10:680:Infinity":194,"s:681:10:681:Infinity":195,"s:685:35:690:Infinity":196,"s:693:27:702:Infinity":197,"f:693:45:693:Infinity":27,"s:694:10:701:Infinity":198,"b:695:14:700:Infinity:701:14:701:Infinity":38,"s:704:8:707:Infinity":199,"s:709:8:709:Infinity":200,"s:710:8:710:Infinity":201,"s:714:6:714:Infinity":202,"s:715:23:715:Infinity":203,"s:717:6:717:Infinity":204,"b:719:6:731:Infinity:undefined:undefined:undefined:undefined":39,"s:719:6:731:Infinity":205,"s:720:8:720:Infinity":206,"s:722:35:727:Infinity":207,"b:725:19:725:39:725:39:725:Infinity":40,"s:729:8:729:Infinity":208,"b:729:21:729:47:729:47:729:56":41,"s:730:8:730:Infinity":209,"s:733:33:738:Infinity":210,"s:741:6:741:Infinity":211,"s:743:6:743:Infinity":212,"b:743:68:743:75:743:75:743:80":42,"s:744:6:744:Infinity":213,"s:747:6:747:Infinity":214,"s:749:33:754:Infinity":215,"s:756:6:759:Infinity":216,"s:761:6:761:Infinity":217,"f:770:20:770:21":28,"s:771:4:771:Infinity":218,"s:772:4:772:Infinity":219,"b:772:48:772:65:772:65:772:71":43,"f:778:14:778:20":29,"s:779:4:779:Infinity":220,"s:780:4:780:Infinity":221}}}
}
